d:\onedrive\code\c++\cplusserver\server\debug\server.pch
d:\onedrive\code\c++\cplusserver\server\debug\vc120.pdb
d:\onedrive\code\c++\cplusserver\server\debug\vc120.idb
d:\onedrive\code\c++\cplusserver\server\debug\stdafx.obj
d:\onedrive\code\c++\cplusserver\server\debug\cbaseserver.obj
d:\onedrive\code\c++\cplusserver\server\debug\dboperator.obj
d:\onedrive\code\c++\cplusserver\server\debug\mysqlmanager.obj
d:\onedrive\code\c++\cplusserver\server\debug\iocpaccept.obj
d:\onedrive\code\c++\cplusserver\server\debug\iocpmodule.obj
d:\onedrive\code\c++\cplusserver\server\debug\iocpsocket.obj
d:\onedrive\code\c++\cplusserver\server\debug\redismanager.obj
d:\onedrive\code\c++\cplusserver\server\debug\redisoperator.obj
d:\onedrive\code\c++\cplusserver\server\debug\server.obj
d:\onedrive\code\c++\cplusserver\server\debug\timer.obj
d:\onedrive\code\c++\cplusserver\server\debug\async.obj
d:\onedrive\code\c++\cplusserver\server\debug\dict.obj
d:\onedrive\code\c++\cplusserver\server\debug\hiredis.obj
d:\onedrive\code\c++\cplusserver\server\debug\net.obj
d:\onedrive\code\c++\cplusserver\server\debug\sds.obj
d:\onedrive\code\c++\cplusserver\server\debug\win32fixes.obj
d:\onedrive\code\c++\cplusserver\debug\server.ilk
d:\onedrive\code\c++\cplusserver\debug\server.exe
d:\onedrive\code\c++\cplusserver\debug\server.pdb
d:\onedrive\code\c++\cplusserver\server\debug\msado15.tli
d:\onedrive\code\c++\cplusserver\server\debug\msado15.tlh
d:\onedrive\code\c++\cplusserver\server\debug\server.tlog\cl.command.1.tlog
d:\onedrive\code\c++\cplusserver\server\debug\server.tlog\cl.read.1.tlog
d:\onedrive\code\c++\cplusserver\server\debug\server.tlog\cl.write.1.tlog
d:\onedrive\code\c++\cplusserver\server\debug\server.tlog\link.command.1.tlog
d:\onedrive\code\c++\cplusserver\server\debug\server.tlog\link.read.1.tlog
d:\onedrive\code\c++\cplusserver\server\debug\server.tlog\link.write.1.tlog
