生成启动时间为 2018/12/1 17:57:04。
     1>项目“D:\Codes\C++\CPlusServer\Server\Server.vcxproj”在节点 2 上(Build 个目标)。
     1>ClCompile:
         E:\Visual Studio 2013\VC\bin\CL.exe /c /ZI /nologo /W3 /WX- /Od /Oy- /D WIN32 /D _DEBUG /D _CONSOLE /D _LIB /D _UNICODE /D UNICODE /Gm /EHsc /RTC1 /MDd /GS /fp:precise /Zc:wchar_t /Zc:forScope /Yu"stdafx.h" /Fp"Debug\Server.pch" /Fo"Debug\\" /Fd"Debug\vc120.pdb" /Gd /TP /analyze- /errorReport:prompt Server.cpp
         Server.cpp
       Link:
         E:\Visual Studio 2013\VC\bin\link.exe /ERRORREPORT:PROMPT /OUT:"D:\Codes\C++\CPlusServer\Debug\Server.exe" /INCREMENTAL /NOLOGO kernel32.lib user32.lib gdi32.lib winspool.lib comdlg32.lib advapi32.lib shell32.lib ole32.lib oleaut32.lib uuid.lib odbc32.lib odbccp32.lib /MANIFEST /MANIFESTUAC:"level='asInvoker' uiAccess='false'" /manifest:embed /DEBUG /PDB:"D:\Codes\C++\CPlusServer\Debug\Server.pdb" /SUBSYSTEM:CONSOLE /TLBID:1 /DYNAMICBASE /NXCOMPAT /IMPLIB:"D:\Codes\C++\CPlusServer\Debug\Server.lib" /MACHINE:X86 Debug\CBaseServer.obj
         Debug\DBOperator.obj
         Debug\MySQLManager.obj
         Debug\IocpAccept.obj
         Debug\IocpModule.obj
         Debug\IocpSocket.obj
         Debug\RedisManager.obj
         Debug\RedisOperator.obj
         Debug\Server.obj
         Debug\stdafx.obj
         Debug\Timer.obj
         Debug\async.obj
         Debug\dict.obj
         Debug\hiredis.obj
         Debug\net.obj
         Debug\sds.obj
         Debug\win32fixes.obj
         Server.vcxproj -> D:\Codes\C++\CPlusServer\Debug\Server.exe
     1>已完成生成项目“D:\Codes\C++\CPlusServer\Server\Server.vcxproj”(Build 个目标)的操作。

生成成功。

已用时间 00:00:04.82
